빌드 시작: 2014-11-25 오후 6:19:02
     1>2 노드의 "C:\Users\DGJSC\Desktop\OSG_Texturing\Env_Mapping\Env_Mapping.vcxproj" 프로젝트(build 대상)입니다.
     1>InitializeBuildStatus:
         "AlwaysCreate"이(가) 지정되었기 때문에 "Debug\Env_Mapping.unsuccessfulbuild"을(를) 만들고 있습니다.
       ClCompile:
         C:\Program Files (x86)\Microsoft Visual Studio 10.0\VC\bin\CL.exe /c /IC:\Library\OSGLib\include /ZI /nologo /W3 /WX- /Od /Oy- /D WIN32 /D _DEBUG /D _CONSOLE /D _UNICODE /D UNICODE /Gm /EHsc /RTC1 /MDd /GS /fp:precise /Zc:wchar_t /Zc:forScope /Fo"Debug\\" /Fd"Debug\vc100.pdb" /Gd /TP /analyze- /errorReport:prompt main.cpp
         main.cpp
       ManifestResourceCompile:
         모든 출력이 최신 상태입니다.
       Link:
         C:\Program Files (x86)\Microsoft Visual Studio 10.0\VC\bin\link.exe /ERRORREPORT:PROMPT /OUT:"C:\Users\DGJSC\Desktop\OSG_Texturing\Debug\Env_Mapping.exe" /INCREMENTAL /NOLOGO /LIBPATH:C:\Library\OSGLib\lib kernel32.lib user32.lib gdi32.lib winspool.lib comdlg32.lib advapi32.lib shell32.lib ole32.lib oleaut32.lib uuid.lib odbc32.lib odbccp32.lib /MANIFEST /ManifestFile:"Debug\Env_Mapping.exe.intermediate.manifest" /MANIFESTUAC:"level='asInvoker' uiAccess='false'" /DEBUG /PDB:"C:\Users\DGJSC\Desktop\OSG_Texturing\Debug\Env_Mapping.pdb" /SUBSYSTEM:CONSOLE /TLBID:1 /DYNAMICBASE /NXCOMPAT /IMPLIB:"C:\Users\DGJSC\Desktop\OSG_Texturing\Debug\Env_Mapping.lib" /MACHINE:X86 Debug\Env_Mapping.exe.embed.manifest.res
         Debug\dgSkyDome.obj
         Debug\dgTestObject.obj
         Debug\main.obj
       Manifest:
         C:\Program Files (x86)\Microsoft SDKs\Windows\v7.0A\bin\mt.exe /nologo /verbose /out:"Debug\Env_Mapping.exe.embed.manifest" /manifest Debug\Env_Mapping.exe.intermediate.manifest
         모든 출력이 최신 상태입니다.
       LinkEmbedManifest:
         모든 출력이 최신 상태입니다.
         Env_Mapping.vcxproj -> C:\Users\DGJSC\Desktop\OSG_Texturing\Debug\Env_Mapping.exe
       FinalizeBuildStatus:
         "Debug\Env_Mapping.unsuccessfulbuild" 파일을 삭제하고 있습니다.
         "Debug\Env_Mapping.lastbuildstate"에 연결(touching)하고 있습니다.
     1>"C:\Users\DGJSC\Desktop\OSG_Texturing\Env_Mapping\Env_Mapping.vcxproj" 프로젝트를 빌드했습니다(build 대상).

빌드했습니다.

경과 시간: 00:00:24.45
