빌드 시작: 2014-11-27 오후 1:57:35
     1>2 노드의 "C:\Users\DGJSC\Desktop\OSG_Texturing\Bump_Mapping\Bump_Mapping.vcxproj" 프로젝트(build 대상)입니다.
     1>InitializeBuildStatus:
         "Debug\Bump_Mapping.unsuccessfulbuild"에 연결(touching)하고 있습니다.
       ClCompile:
         C:\Program Files (x86)\Microsoft Visual Studio 10.0\VC\bin\CL.exe /c /I"C:\Program Files (x86)\OpenCV\cv\include" /I"C:\Program Files (x86)\OpenCV\cvaux\include" /I"C:\Program Files (x86)\OpenCV\cxcore\include" /I"C:\Program Files (x86)\OpenCV\otherlibs\highgui" /ZI /nologo /W3 /WX- /Od /Oy- /D WIN32 /D _DEBUG /D _CONSOLE /D _UNICODE /D UNICODE /Gm /EHsc /RTC1 /MDd /GS /fp:precise /Zc:wchar_t /Zc:forScope /Fo"Debug\\" /Fd"Debug\vc100.pdb" /Gd /TP /analyze- /errorReport:prompt bump_main.cpp dgGLSLManager.cpp dgObjLoader.cpp dgTrackball.cpp
         dgTrackball.cpp
     1>c:\program files (x86)\opencv\cv\include\cvcompat.h(785): warning C4819: 현재 코드 페이지(949)에서 표시할 수 없는 문자가 파일에 들어 있습니다. 데이터가 손실되지 않게 하려면 해당 파일을 유니코드 형식으로 저장하십시오.
         dgObjLoader.cpp
     1>c:\users\dgjsc\desktop\osg_texturing\bump_mapping\dgobjloader.cpp(169): warning C4018: '<' : signed 또는 unsigned가 일치하지 않습니다.
     1>c:\users\dgjsc\desktop\osg_texturing\bump_mapping\dgobjloader.cpp(177): warning C4172: 지역 변수 또는 임시 변수의 주소를 반환하고 있습니다.
     1>c:\users\dgjsc\desktop\osg_texturing\bump_mapping\dgobjloader.cpp(181): warning C4018: '<' : signed 또는 unsigned가 일치하지 않습니다.
     1>c:\users\dgjsc\desktop\osg_texturing\bump_mapping\dgobjloader.cpp(189): warning C4172: 지역 변수 또는 임시 변수의 주소를 반환하고 있습니다.
     1>c:\users\dgjsc\desktop\osg_texturing\bump_mapping\dgobjloader.cpp(194): warning C4018: '<' : signed 또는 unsigned가 일치하지 않습니다.
     1>c:\users\dgjsc\desktop\osg_texturing\bump_mapping\dgobjloader.cpp(201): warning C4172: 지역 변수 또는 임시 변수의 주소를 반환하고 있습니다.
     1>c:\users\dgjsc\desktop\osg_texturing\bump_mapping\dgobjloader.cpp(206): warning C4018: '<' : signed 또는 unsigned가 일치하지 않습니다.
     1>c:\users\dgjsc\desktop\osg_texturing\bump_mapping\dgobjloader.cpp(213): warning C4172: 지역 변수 또는 임시 변수의 주소를 반환하고 있습니다.
         dgGLSLManager.cpp
     1>c:\program files (x86)\opencv\cv\include\cvcompat.h(785): warning C4819: 현재 코드 페이지(949)에서 표시할 수 없는 문자가 파일에 들어 있습니다. 데이터가 손실되지 않게 하려면 해당 파일을 유니코드 형식으로 저장하십시오.
         bump_main.cpp
     1>c:\program files (x86)\opencv\cv\include\cvcompat.h(785): warning C4819: 현재 코드 페이지(949)에서 표시할 수 없는 문자가 파일에 들어 있습니다. 데이터가 손실되지 않게 하려면 해당 파일을 유니코드 형식으로 저장하십시오.
         코드를 생성하고 있습니다...
       ManifestResourceCompile:
         모든 출력이 최신 상태입니다.
       Link:
         C:\Program Files (x86)\Microsoft Visual Studio 10.0\VC\bin\link.exe /ERRORREPORT:PROMPT /OUT:"C:\Users\DGJSC\Desktop\OSG_Texturing\Debug\Bump_Mapping.exe" /INCREMENTAL /NOLOGO /LIBPATH:"C:\Program Files (x86)\OpenCV\lib" kernel32.lib user32.lib gdi32.lib winspool.lib comdlg32.lib advapi32.lib shell32.lib ole32.lib oleaut32.lib uuid.lib odbc32.lib odbccp32.lib /MANIFEST /ManifestFile:"Debug\Bump_Mapping.exe.intermediate.manifest" /MANIFESTUAC:"level='asInvoker' uiAccess='false'" /DEBUG /PDB:"C:\Users\DGJSC\Desktop\OSG_Texturing\Debug\Bump_Mapping.pdb" /SUBSYSTEM:CONSOLE /TLBID:1 /DYNAMICBASE /NXCOMPAT /IMPLIB:"C:\Users\DGJSC\Desktop\OSG_Texturing\Debug\Bump_Mapping.lib" /MACHINE:X86 Debug\Bump_Mapping.exe.embed.manifest.res
         Debug\bump_main.obj
         Debug\dgGLSLManager.obj
         Debug\dgObjLoader.obj
         Debug\dgTrackball.obj
       Manifest:
         C:\Program Files (x86)\Microsoft SDKs\Windows\v7.0A\bin\mt.exe /nologo /verbose /out:"Debug\Bump_Mapping.exe.embed.manifest" /manifest Debug\Bump_Mapping.exe.intermediate.manifest
         모든 출력이 최신 상태입니다.
       LinkEmbedManifest:
         모든 출력이 최신 상태입니다.
         Bump_Mapping.vcxproj -> C:\Users\DGJSC\Desktop\OSG_Texturing\Debug\Bump_Mapping.exe
       FinalizeBuildStatus:
         "Debug\Bump_Mapping.unsuccessfulbuild" 파일을 삭제하고 있습니다.
         "Debug\Bump_Mapping.lastbuildstate"에 연결(touching)하고 있습니다.
     1>"C:\Users\DGJSC\Desktop\OSG_Texturing\Bump_Mapping\Bump_Mapping.vcxproj" 프로젝트를 빌드했습니다(build 대상).

빌드했습니다.

경과 시간: 00:00:16.68
